~~~
<div id="191b3cdf-2a16-401e-b278-cd8e6c8d250f" data-jscall-id="108" style="visibility: hidden;">
  <div data-jscall-id="103">slider 1: 
    <input step="1" max="100" min="1" data-jscall-id="104" value="1" oninput="JSServe.update_obs('517302203342833768', parseFloat(value))" type="range" />
    <p data-jscall-id="102">1</p>
  </div>
  <script data-jscall-id="105" type="text/javascript">
    window.__define = window.define;
    window.__require = window.require;
    window.define = undefined;
    window.require = undefined;

</script>
  <script data-jscall-id="106" type="text/javascript">
    window.define = window.__define;
    window.require = window.__require;
    window.__define = undefined;
    window.__require = undefined;

</script>
  <script data-jscall-id="107" type="text/javascript">
(()=> {
    JSServe.register_sub_session('191b3cdf-2a16-401e-b278-cd8e6c8d250f')
    const init_data_b64 = 'H4sIAAAAAAAAA8WUzW7TQBSFxTZPMTs3UpPOj8d2kMoCyoJIUFDYITSaeG7CgD1j2eM0VsUmrJFgyw6QGtaUh+AVeBscpySAolQklfBqrPtjf+fYZzbPZJVYqT68+XW69Umrr5yEDFOKGfNpxFgYRF/SYixclcFHvmqdXQrxUk5kEec6c01ViIv+4J5VsOq5KGyZx/Djew6uzA0alSZ22hpkjSgzJR0cGDgTE5mU0EbnLVRfR0faOMgzm0inzRjZETo5fYhMvbdA0ihk3QvIUb9MtETNZIHObP4KpbZwSYVkgWCaQexA3W4WxtYUDmUCEkjBOHSMhIB6UNQFB1MnxDP8vOlc9XS1MZA/rYt19+oNW69b86uZ9xvx5yc2ffQb/2eC6XWKkj/E/0YizAK/F/qccUZphAMWbpJfNc0+9xnxgwgTypnPMN/s1WLzZUQC3uOBj3skpCGPfI739vXxla+NPMd3UH8wgHwC3aW3YuGZkM7leljWVm+Q/RB5hYPMO1yuaP+zvv71opHd2E5vgC2V033Rtlr8P9G02Q9t+we5I9mTGyBrZvdj2/7Hz3ZCe7vOMplliY7lIkmFsmmdUcrGZRNcY3D3lxl2t3qgDjzSI0MWq1GHShJ0fEygM6Rh1IlVBEEcKcrxyGs36ffX1m7hqgS6E13ooU60q+rHeM1dAt4qCN+tuej62PsJwsZ1C1wGAAA='
    JSServe.init_from_b64(init_data_b64)
    if (!true){
        JSServe.update_obs('14025488879833792474', true)
    }
})()
</script>
</div>
~~~
